<?xml version="1.0" encoding="UTF-8"?>
<testsuite xmlns:xsi="http://www.w3.org/2001/XMLSchema-instance" xsi:noNamespaceSchemaLocation="https://maven.apache.org/surefire/maven-surefire-plugin/xsd/surefire-test-report.xsd" version="3.0.2" name="com.transcribe.BasicTests" time="1.16" tests="5" errors="0" skipped="0" failures="0">
  <properties>
[...]
</properties>
  <testcase name="getJob" classname="com.transcribe.BasicTests" time="0.336">
    <system-out><![CDATA[13:05:57.406 [main] INFO org.springframework.test.context.support.AnnotationConfigContextLoaderUtils -- Could not detect default configuration classes for test class [com.transcribe.BasicTests]: BasicTests does not declare any static, non-private, non-final, nested classes annotated with @Configuration.
13:05:57.439 [main] INFO org.springframework.boot.test.context.SpringBootTestContextBootstrapper -- Found @SpringBootConfiguration com.transcribe.TranscribeApplication for test class com.transcribe.BasicTests
2026-09-19T13:05:57.592+05:30  INFO 46461 --- [           main] com.transcribe.BasicTests                : Starting BasicTests using Java 21.0.12.1 with PID 46461 (started by maheshwari in /Users/maheshwari/Desktop/practiceAICoding/transcribe-java)
2026-09-19T13:05:57.593+05:30  INFO 46461 --- [           main] com.transcribe.BasicTests                : No active profile set, falling back to 1 default profile: "default"
2026-09-19T13:05:57.903+05:30  INFO 46461 --- [           main] o.s.b.t.m.w.SpringBootMockServletContext : Initializing Spring TestDispatcherServlet ''
2026-09-19T13:05:57.903+05:30  INFO 46461 --- [           main] o.s.t.web.servlet.TestDispatcherServlet  : Initializing Servlet ''
2026-09-19T13:05:57.903+05:30  INFO 46461 --- [           main] o.s.t.web.servlet.TestDispatcherServlet  : Completed initialization in 0 ms
2026-09-19T13:05:57.910+05:30  INFO 46461 --- [           main] com.transcribe.BasicTests                : Started BasicTests in 0.395 seconds (process running for 0.68)
2026-09-19T13:05:58.436+05:30  INFO 46461 --- [           main] com.transcribe.JobController             : New job: url=https://example.com/audio.mp3, language=en
]]></system-out>
    <system-err><![CDATA[Mockito is currently self-attaching to enable the inline-mock-maker. This will no longer work in future releases of the JDK. Please add Mockito as an agent to your build as described in Mockito's documentation: https://javadoc.io/doc/org.mockito/mockito-core/latest/org.mockito/org/mockito/Mockito.html#0.3
WARNING: A Java agent has been loaded dynamically (/Users/maheshwari/.m2/repository/net/bytebuddy/byte-buddy-agent/1.17.5/byte-buddy-agent-1.17.5.jar)
WARNING: If a serviceability tool is in use, please run with -XX:+EnableDynamicAgentLoading to hide this warning
WARNING: If a serviceability tool is not in use, please run with -Djdk.instrument.traceUsage for more information
WARNING: Dynamic loading of agents will be disallowed by default in a future release
]]></system-err>
  </testcase>
  <testcase name="processCompletesJob" classname="com.transcribe.BasicTests" time="0.048">
    <system-out><![CDATA[2026-09-19T13:05:58.473+05:30  INFO 46461 --- [           main] com.transcribe.JobController             : New job: url=http://127.0.0.1:57084/audio, language=en
]]></system-out>
  </testcase>
  <testcase name="invalidJobReturns404" classname="com.transcribe.BasicTests" time="0.003"/>
  <testcase name="createJob" classname="com.transcribe.BasicTests" time="0.003">
    <system-out><![CDATA[2026-09-19T13:05:58.519+05:30  INFO 46461 --- [           main] com.transcribe.JobController             : New job: url=https://example.com/audio.mp3, language=en
]]></system-out>
  </testcase>
  <testcase name="listJobs" classname="com.transcribe.BasicTests" time="0.007">
    <system-out><![CDATA[2026-09-19T13:05:58.522+05:30  INFO 46461 --- [           main] com.transcribe.JobController             : New job: url=https://example.com/a.mp3, language=en
2026-09-19T13:05:58.523+05:30  INFO 46461 --- [           main] com.transcribe.JobController             : New job: url=https://example.com/b.mp3, language=en
]]></system-out>
  </testcase>
</testsuite>