<?xml version="1.0" encoding="UTF-8"?>
<testsuite xmlns:xsi="http://www.w3.org/2001/XMLSchema-instance" xsi:noNamespaceSchemaLocation="https://maven.apache.org/surefire/maven-surefire-plugin/xsd/surefire-test-report.xsd" version="3.0.2" name="com.linklock.BasicTests" time="1.53" tests="6" errors="0" skipped="0" failures="0">
  <properties>
[...]
</properties>
  <testcase name="invalidTokenRejected" classname="com.linklock.BasicTests" time="0.348">
    <system-out><![CDATA[09:46:29.449 [main] INFO org.springframework.test.context.support.AnnotationConfigContextLoaderUtils -- Could not detect default configuration classes for test class [com.linklock.BasicTests]: BasicTests does not declare any static, non-private, non-final, nested classes annotated with @Configuration.
09:46:29.484 [main] INFO org.springframework.boot.test.context.SpringBootTestContextBootstrapper -- Found @SpringBootConfiguration com.linklock.LinklockApplication for test class com.linklock.BasicTests
2026-09-18T09:46:29.661+05:30  INFO 31872 --- [           main] com.linklock.BasicTests                  : Starting BasicTests using Java 21.0.12.1 with PID 31872 (started by maheshwari in /Users/maheshwari/Desktop/practiceAI/linklock-java)
2026-09-18T09:46:29.661+05:30  INFO 31872 --- [           main] com.linklock.BasicTests                  : No active profile set, falling back to 1 default profile: "default"
2026-09-18T09:46:29.935+05:30  INFO 31872 --- [           main] o.s.b.t.m.w.SpringBootMockServletContext : Initializing Spring TestDispatcherServlet ''
2026-09-18T09:46:29.935+05:30  INFO 31872 --- [           main] o.s.t.web.servlet.TestDispatcherServlet  : Initializing Servlet ''
2026-09-18T09:46:29.936+05:30  INFO 31872 --- [           main] o.s.t.web.servlet.TestDispatcherServlet  : Completed initialization in 0 ms
2026-09-18T09:46:29.942+05:30  INFO 31872 --- [           main] com.linklock.BasicTests                  : Started BasicTests in 0.367 seconds (process running for 0.679)
]]></system-out>
    <system-err><![CDATA[Mockito is currently self-attaching to enable the inline-mock-maker. This will no longer work in future releases of the JDK. Please add Mockito as an agent to your build as described in Mockito's documentation: https://javadoc.io/doc/org.mockito/mockito-core/latest/org.mockito/org/mockito/Mockito.html#0.3
WARNING: A Java agent has been loaded dynamically (/Users/maheshwari/.m2/repository/net/bytebuddy/byte-buddy-agent/1.17.5/byte-buddy-agent-1.17.5.jar)
WARNING: If a serviceability tool is in use, please run with -XX:+EnableDynamicAgentLoading to hide this warning
WARNING: If a serviceability tool is not in use, please run with -Djdk.instrument.traceUsage for more information
WARNING: Dynamic loading of agents will be disallowed by default in a future release
]]></system-err>
  </testcase>
  <testcase name="requestReturns200" classname="com.linklock.BasicTests" time="0.025">
    <system-out><![CDATA[2026-09-18T09:46:30.850+05:30  INFO 31872 --- [           main] com.linklock.AuthController              : Sending magic link to test@example.com: token=ryloxQxehwY4iJcgRBWkV-rqPaYpxgKs, redirect_to=/me
]]></system-out>
  </testcase>
  <testcase name="meRequiresAuth" classname="com.linklock.BasicTests" time="0.003"/>
  <testcase name="meAfterVerify" classname="com.linklock.BasicTests" time="0.036">
    <system-out><![CDATA[2026-09-18T09:46:30.870+05:30  INFO 31872 --- [           main] com.linklock.AuthController              : Sending magic link to bob@example.com: token=yl-yUBaWx40qM2-DQ04UuauKXpnnyEAj, redirect_to=/me
]]></system-out>
  </testcase>
  <testcase name="verifyLogsInUser" classname="com.linklock.BasicTests" time="0.017">
    <system-out><![CDATA[2026-09-18T09:46:30.906+05:30  INFO 31872 --- [           main] com.linklock.AuthController              : Sending magic link to alice@example.com: token=MO8RLaZIBxE1iVJ2bVbLZJD4AF766b9q, redirect_to=/me
]]></system-out>
  </testcase>
  <testcase name="logoutClearsSession" classname="com.linklock.BasicTests" time="0.018">
    <system-out><![CDATA[2026-09-18T09:46:30.924+05:30  INFO 31872 --- [           main] com.linklock.AuthController              : Sending magic link to carol@example.com: token=4HvujupaxdyeCpDniWeCOD_k0nGbgk0t, redirect_to=/me
]]></system-out>
  </testcase>
</testsuite>